<?xml version="1.0" encoding="UTF-8"?>
<testsuite name="StateCensusAnalyzerTest" tests="1" skipped="0" failures="0" errors="0" timestamp="2019-12-07T05:20:33" hostname="admin165-desktop" time="0.195">
  <properties/>
  <testcase name="sortByDensity_tojsonFile_returnLeastDensity" classname="StateCensusAnalyzerTest" time="0.195"/>
  <system-out><![CDATA[]]></system-out>
  <system-err><![CDATA[]]></system-err>
</testsuite>
