<?xml version="1.0" encoding="UTF-8"?>
<testsuite name="StateCensusAnalyzerTest" tests="1" skipped="0" failures="0" errors="0" timestamp="2019-12-04T12:45:41" hostname="admin165-desktop" time="0.147">
  <properties/>
  <testcase name="sortByArea_tojsonFile_returnLeastArea" classname="StateCensusAnalyzerTest" time="0.147"/>
  <system-out><![CDATA[]]></system-out>
  <system-err><![CDATA[]]></system-err>
</testsuite>
